<?xml version="1.0" encoding="UTF-8"?>
<testsuite xmlns:xsi="http://www.w3.org/2001/XMLSchema-instance" xsi:noNamespaceSchemaLocation="https://maven.apache.org/surefire/maven-surefire-plugin/xsd/surefire-test-report.xsd" name="Runner.RunCukesTest01" time="48.867" tests="3" errors="0" skipped="0" failures="0">
  <properties>
    <property name="sun.desktop" value="windows"/>
    <property name="awt.toolkit" value="sun.awt.windows.WToolkit"/>
    <property name="file.encoding.pkg" value="sun.io"/>
    <property name="java.specification.version" value="1.8"/>
    <property name="sun.cpu.isalist" value="amd64"/>
    <property name="sun.jnu.encoding" value="GBK"/>
    <property name="java.class.path" value="D:\Project\farmbgy\target\test-classes;D:\Project\farmbgy\target\classes;D:\Maven\.m2\io\cucumber\cucumber-java\2.3.1\cucumber-java-2.3.1.jar;D:\Maven\.m2\io\cucumber\cucumber-core\2.3.1\cucumber-core-2.3.1.jar;D:\Maven\.m2\info\cukes\cucumber-html\0.2.6\cucumber-html-0.2.6.jar;D:\Maven\.m2\io\cucumber\cucumber-jvm-deps\1.0.6\cucumber-jvm-deps-1.0.6.jar;D:\Maven\.m2\io\cucumber\gherkin\5.0.0\gherkin-5.0.0.jar;D:\Maven\.m2\io\cucumber\tag-expressions\1.1.1\tag-expressions-1.1.1.jar;D:\Maven\.m2\io\cucumber\cucumber-junit\2.3.1\cucumber-junit-2.3.1.jar;D:\Maven\.m2\junit\junit\4.12\junit-4.12.jar;D:\Maven\.m2\org\hamcrest\hamcrest-core\1.3\hamcrest-core-1.3.jar;D:\Maven\.m2\org\seleniumhq\selenium\selenium-java\4.0.0-alpha-6\selenium-java-4.0.0-alpha-6.jar;D:\Maven\.m2\org\seleniumhq\selenium\selenium-chrome-driver\4.0.0-alpha-6\selenium-chrome-driver-4.0.0-alpha-6.jar;D:\Maven\.m2\com\google\auto\service\auto-service-annotations\1.0-rc6\auto-service-annotations-1.0-rc6.jar;D:\Maven\.m2\com\google\auto\service\auto-service\1.0-rc6\auto-service-1.0-rc6.jar;D:\Maven\.m2\com\google\auto\auto-common\0.10\auto-common-0.10.jar;D:\Maven\.m2\org\seleniumhq\selenium\selenium-chromium-driver\4.0.0-alpha-6\selenium-chromium-driver-4.0.0-alpha-6.jar;D:\Maven\.m2\org\seleniumhq\selenium\selenium-devtools\4.0.0-alpha-6\selenium-devtools-4.0.0-alpha-6.jar;D:\Maven\.m2\org\seleniumhq\selenium\selenium-http\4.0.0-alpha-6\selenium-http-4.0.0-alpha-6.jar;D:\Maven\.m2\org\seleniumhq\selenium\selenium-json\4.0.0-alpha-6\selenium-json-4.0.0-alpha-6.jar;D:\Maven\.m2\org\seleniumhq\selenium\selenium-edge-driver\4.0.0-alpha-6\selenium-edge-driver-4.0.0-alpha-6.jar;D:\Maven\.m2\org\seleniumhq\selenium\selenium-edgehtml-driver\4.0.0-alpha-6\selenium-edgehtml-driver-4.0.0-alpha-6.jar;D:\Maven\.m2\org\seleniumhq\selenium\selenium-firefox-driver\4.0.0-alpha-6\selenium-firefox-driver-4.0.0-alpha-6.jar;D:\Maven\.m2\org\seleniumhq\selenium\selenium-firefox-xpi-driver\4.0.0-alpha-6\selenium-firefox-xpi-driver-4.0.0-alpha-6.jar;D:\Maven\.m2\org\seleniumhq\selenium\selenium-ie-driver\4.0.0-alpha-6\selenium-ie-driver-4.0.0-alpha-6.jar;D:\Maven\.m2\org\seleniumhq\selenium\selenium-opera-driver\4.0.0-alpha-6\selenium-opera-driver-4.0.0-alpha-6.jar;D:\Maven\.m2\org\seleniumhq\selenium\selenium-remote-driver\4.0.0-alpha-6\selenium-remote-driver-4.0.0-alpha-6.jar;D:\Maven\.m2\com\typesafe\netty\netty-reactive-streams\2.0.4\netty-reactive-streams-2.0.4.jar;D:\Maven\.m2\io\netty\netty-handler\4.1.43.Final\netty-handler-4.1.43.Final.jar;D:\Maven\.m2\org\reactivestreams\reactive-streams\1.0.3\reactive-streams-1.0.3.jar;D:\Maven\.m2\io\grpc\grpc-context\1.28.0\grpc-context-1.28.0.jar;D:\Maven\.m2\io\netty\netty-buffer\4.1.49.Final\netty-buffer-4.1.49.Final.jar;D:\Maven\.m2\io\netty\netty-common\4.1.49.Final\netty-common-4.1.49.Final.jar;D:\Maven\.m2\io\netty\netty-codec-http\4.1.49.Final\netty-codec-http-4.1.49.Final.jar;D:\Maven\.m2\io\netty\netty-codec\4.1.49.Final\netty-codec-4.1.49.Final.jar;D:\Maven\.m2\io\netty\netty-transport-native-epoll\4.1.49.Final\netty-transport-native-epoll-4.1.49.Final.jar;D:\Maven\.m2\io\netty\netty-transport-native-epoll\4.1.49.Final\netty-transport-native-epoll-4.1.49.Final-linux-x86_64.jar;D:\Maven\.m2\io\netty\netty-transport-native-kqueue\4.1.49.Final\netty-transport-native-kqueue-4.1.49.Final.jar;D:\Maven\.m2\io\netty\netty-transport-native-kqueue\4.1.49.Final\netty-transport-native-kqueue-4.1.49.Final-osx-x86_64.jar;D:\Maven\.m2\io\netty\netty-transport-native-unix-common\4.1.49.Final\netty-transport-native-unix-common-4.1.49.Final.jar;D:\Maven\.m2\io\netty\netty-transport\4.1.49.Final\netty-transport-4.1.49.Final.jar;D:\Maven\.m2\io\netty\netty-resolver\4.1.49.Final\netty-resolver-4.1.49.Final.jar;D:\Maven\.m2\io\opentelemetry\opentelemetry-api\0.4.0\opentelemetry-api-0.4.0.jar;D:\Maven\.m2\io\opentelemetry\opentelemetry-context-prop\0.4.0\opentelemetry-context-prop-0.4.0.jar;D:\Maven\.m2\io\opentelemetry\opentelemetry-sdk\0.4.0\opentelemetry-sdk-0.4.0.jar;D:\Maven\.m2\io\projectreactor\netty\reactor-netty\0.9.6.RELEASE\reactor-netty-0.9.6.RELEASE.jar;D:\Maven\.m2\io\netty\netty-codec-http2\4.1.48.Final\netty-codec-http2-4.1.48.Final.jar;D:\Maven\.m2\io\netty\netty-handler-proxy\4.1.48.Final\netty-handler-proxy-4.1.48.Final.jar;D:\Maven\.m2\io\projectreactor\reactor-core\3.3.5.RELEASE\reactor-core-3.3.5.RELEASE.jar;D:\Maven\.m2\org\asynchttpclient\async-http-client\2.12.1\async-http-client-2.12.1.jar;D:\Maven\.m2\org\asynchttpclient\async-http-client-netty-utils\2.12.1\async-http-client-netty-utils-2.12.1.jar;D:\Maven\.m2\io\netty\netty-codec-socks\4.1.48.Final\netty-codec-socks-4.1.48.Final.jar;D:\Maven\.m2\org\slf4j\slf4j-api\1.7.30\slf4j-api-1.7.30.jar;D:\Maven\.m2\com\sun\activation\javax.activation\1.2.0\javax.activation-1.2.0.jar;D:\Maven\.m2\org\seleniumhq\selenium\selenium-safari-driver\4.0.0-alpha-6\selenium-safari-driver-4.0.0-alpha-6.jar;D:\Maven\.m2\org\seleniumhq\selenium\selenium-support\4.0.0-alpha-6\selenium-support-4.0.0-alpha-6.jar;D:\Maven\.m2\org\seleniumhq\selenium\selenium-server\3.13.0\selenium-server-3.13.0.jar;D:\Maven\.m2\com\beust\jcommander\1.72\jcommander-1.72.jar;D:\Maven\.m2\net\bytebuddy\byte-buddy\1.8.3\byte-buddy-1.8.3.jar;D:\Maven\.m2\org\apache\commons\commons-exec\1.3\commons-exec-1.3.jar;D:\Maven\.m2\org\apache\commons\commons-lang3\3.7\commons-lang3-3.7.jar;D:\Maven\.m2\org\apache\commons\commons-text\1.1\commons-text-1.1.jar;D:\Maven\.m2\commons-codec\commons-codec\1.10\commons-codec-1.10.jar;D:\Maven\.m2\commons-io\commons-io\2.6\commons-io-2.6.jar;D:\Maven\.m2\commons-logging\commons-logging\1.2\commons-logging-1.2.jar;D:\Maven\.m2\commons-net\commons-net\3.6\commons-net-3.6.jar;D:\Maven\.m2\com\google\code\gson\gson\2.8.4\gson-2.8.4.jar;D:\Maven\.m2\com\google\guava\guava\25.0-jre\guava-25.0-jre.jar;D:\Maven\.m2\com\google\code\findbugs\jsr305\1.3.9\jsr305-1.3.9.jar;D:\Maven\.m2\org\checkerframework\checker-compat-qual\2.0.0\checker-compat-qual-2.0.0.jar;D:\Maven\.m2\com\google\errorprone\error_prone_annotations\2.1.3\error_prone_annotations-2.1.3.jar;D:\Maven\.m2\com\google\j2objc\j2objc-annotations\1.1\j2objc-annotations-1.1.jar;D:\Maven\.m2\org\codehaus\mojo\animal-sniffer-annotations\1.14\animal-sniffer-annotations-1.14.jar;D:\Maven\.m2\net\sourceforge\htmlunit\htmlunit\2.30\htmlunit-2.30.jar;D:\Maven\.m2\net\sourceforge\htmlunit\htmlunit-core-js\2.28\htmlunit-core-js-2.28.jar;D:\Maven\.m2\net\sourceforge\htmlunit\htmlunit-cssparser\1.0.0\htmlunit-cssparser-1.0.0.jar;D:\Maven\.m2\net\sourceforge\htmlunit\neko-htmlunit\2.30\neko-htmlunit-2.30.jar;D:\Maven\.m2\org\apache\httpcomponents\httpclient\4.5.5\httpclient-4.5.5.jar;D:\Maven\.m2\org\apache\httpcomponents\httpcore\4.4.9\httpcore-4.4.9.jar;D:\Maven\.m2\org\apache\httpcomponents\httpmime\4.5.5\httpmime-4.5.5.jar;D:\Maven\.m2\net\jcip\jcip-annotations\1.0\jcip-annotations-1.0.jar;D:\Maven\.m2\org\seleniumhq\selenium\jetty-repacked\9.4.7.v20171121\jetty-repacked-9.4.7.v20171121.jar;D:\Maven\.m2\org\eclipse\jetty\jetty-client\9.4.7.v20170914\jetty-client-9.4.7.v20170914.jar;D:\Maven\.m2\org\eclipse\jetty\jetty-http\9.4.8.v20171121\jetty-http-9.4.8.v20171121.jar;D:\Maven\.m2\org\eclipse\jetty\jetty-io\9.4.8.v20171121\jetty-io-9.4.8.v20171121.jar;D:\Maven\.m2\org\eclipse\jetty\jetty-util\9.4.8.v20171121\jetty-util-9.4.8.v20171121.jar;D:\Maven\.m2\org\eclipse\jetty\jetty-xml\9.4.7.v20170914\jetty-xml-9.4.7.v20170914.jar;D:\Maven\.m2\com\squareup\okhttp3\okhttp\3.10.0\okhttp-3.10.0.jar;D:\Maven\.m2\com\squareup\okio\okio\1.14.1\okio-1.14.1.jar;D:\Maven\.m2\org\seleniumhq\selenium\htmlunit-driver\2.30.0\htmlunit-driver-2.30.0.jar;D:\Maven\.m2\javax\servlet\javax.servlet-api\3.1.0\javax.servlet-api-3.1.0.jar;D:\Maven\.m2\org\eclipse\jetty\websocket\websocket-api\9.4.7.v20170914\websocket-api-9.4.7.v20170914.jar;D:\Maven\.m2\org\eclipse\jetty\websocket\websocket-client\9.4.7.v20170914\websocket-client-9.4.7.v20170914.jar;D:\Maven\.m2\org\eclipse\jetty\websocket\websocket-common\9.4.7.v20170914\websocket-common-9.4.7.v20170914.jar;D:\Maven\.m2\xalan\serializer\2.7.2\serializer-2.7.2.jar;D:\Maven\.m2\xalan\xalan\2.7.2\xalan-2.7.2.jar;D:\Maven\.m2\xerces\xercesImpl\2.11.0\xercesImpl-2.11.0.jar;D:\Maven\.m2\xml-apis\xml-apis\1.4.01\xml-apis-1.4.01.jar;D:\Maven\.m2\org\yaml\snakeyaml\1.19\snakeyaml-1.19.jar;D:\Maven\.m2\org\seleniumhq\selenium\selenium-api\4.0.0-alpha-6\selenium-api-4.0.0-alpha-6.jar;D:\Maven\.m2\net\masterthought\cucumber-reporting\4.0.0\cucumber-reporting-4.0.0.jar;D:\Maven\.m2\com\fasterxml\jackson\core\jackson-databind\2.9.6\jackson-databind-2.9.6.jar;D:\Maven\.m2\com\fasterxml\jackson\core\jackson-annotations\2.9.0\jackson-annotations-2.9.0.jar;D:\Maven\.m2\com\fasterxml\jackson\core\jackson-core\2.9.6\jackson-core-2.9.6.jar;D:\Maven\.m2\org\apache\velocity\velocity\1.7\velocity-1.7.jar;D:\Maven\.m2\commons-collections\commons-collections\3.2.1\commons-collections-3.2.1.jar;D:\Maven\.m2\commons-lang\commons-lang\2.4\commons-lang-2.4.jar;D:\Maven\.m2\velocity-tools\velocity-tools\1.4\velocity-tools-1.4.jar;D:\Maven\.m2\joda-time\joda-time\2.10\joda-time-2.10.jar;D:\Maven\.m2\net\lingala\zip4j\zip4j\1.3.2\zip4j-1.3.2.jar;D:\Maven\.m2\org\codehaus\plexus\plexus-utils\3.1.0\plexus-utils-3.1.0.jar;D:\Maven\.m2\org\jsoup\jsoup\1.11.3\jsoup-1.11.3.jar;D:\Maven\.m2\com\googlecode\owasp-java-html-sanitizer\owasp-java-html-sanitizer\20180219.1\owasp-java-html-sanitizer-20180219.1.jar;D:\Maven\.m2\commons-configuration\commons-configuration\1.10\commons-configuration-1.10.jar;"/>
    <property name="java.vm.vendor" value="Amazon.com Inc."/>
    <property name="sun.arch.data.model" value="64"/>
    <property name="user.variant" value=""/>
    <property name="java.vendor.url" value="https://aws.amazon.com/corretto/"/>
    <property name="user.timezone" value="Asia/Shanghai"/>
    <property name="java.vm.specification.version" value="1.8"/>
    <property name="os.name" value="Windows 10"/>
    <property name="user.country" value="CN"/>
    <property name="sun.java.launcher" value="SUN_STANDARD"/>
    <property name="sun.boot.library.path" value="C:\Users\HYK\.jdks\corretto-1.8.0_292\jre\bin"/>
    <property name="sun.java.command" value="C:\Users\HYK\AppData\Local\Temp\surefire8507920873538043851\surefirebooter253741538720194889.jar C:\Users\HYK\AppData\Local\Temp\surefire8507920873538043851 2021-07-09T20-22-28_825-jvmRun2 surefire8589276088515440082tmp surefire_14329363911704593969tmp"/>
    <property name="surefire.test.class.path" value="D:\Project\farmbgy\target\test-classes;D:\Project\farmbgy\target\classes;D:\Maven\.m2\io\cucumber\cucumber-java\2.3.1\cucumber-java-2.3.1.jar;D:\Maven\.m2\io\cucumber\cucumber-core\2.3.1\cucumber-core-2.3.1.jar;D:\Maven\.m2\info\cukes\cucumber-html\0.2.6\cucumber-html-0.2.6.jar;D:\Maven\.m2\io\cucumber\cucumber-jvm-deps\1.0.6\cucumber-jvm-deps-1.0.6.jar;D:\Maven\.m2\io\cucumber\gherkin\5.0.0\gherkin-5.0.0.jar;D:\Maven\.m2\io\cucumber\tag-expressions\1.1.1\tag-expressions-1.1.1.jar;D:\Maven\.m2\io\cucumber\cucumber-junit\2.3.1\cucumber-junit-2.3.1.jar;D:\Maven\.m2\junit\junit\4.12\junit-4.12.jar;D:\Maven\.m2\org\hamcrest\hamcrest-core\1.3\hamcrest-core-1.3.jar;D:\Maven\.m2\org\seleniumhq\selenium\selenium-java\4.0.0-alpha-6\selenium-java-4.0.0-alpha-6.jar;D:\Maven\.m2\org\seleniumhq\selenium\selenium-chrome-driver\4.0.0-alpha-6\selenium-chrome-driver-4.0.0-alpha-6.jar;D:\Maven\.m2\com\google\auto\service\auto-service-annotations\1.0-rc6\auto-service-annotations-1.0-rc6.jar;D:\Maven\.m2\com\google\auto\service\auto-service\1.0-rc6\auto-service-1.0-rc6.jar;D:\Maven\.m2\com\google\auto\auto-common\0.10\auto-common-0.10.jar;D:\Maven\.m2\org\seleniumhq\selenium\selenium-chromium-driver\4.0.0-alpha-6\selenium-chromium-driver-4.0.0-alpha-6.jar;D:\Maven\.m2\org\seleniumhq\selenium\selenium-devtools\4.0.0-alpha-6\selenium-devtools-4.0.0-alpha-6.jar;D:\Maven\.m2\org\seleniumhq\selenium\selenium-http\4.0.0-alpha-6\selenium-http-4.0.0-alpha-6.jar;D:\Maven\.m2\org\seleniumhq\selenium\selenium-json\4.0.0-alpha-6\selenium-json-4.0.0-alpha-6.jar;D:\Maven\.m2\org\seleniumhq\selenium\selenium-edge-driver\4.0.0-alpha-6\selenium-edge-driver-4.0.0-alpha-6.jar;D:\Maven\.m2\org\seleniumhq\selenium\selenium-edgehtml-driver\4.0.0-alpha-6\selenium-edgehtml-driver-4.0.0-alpha-6.jar;D:\Maven\.m2\org\seleniumhq\selenium\selenium-firefox-driver\4.0.0-alpha-6\selenium-firefox-driver-4.0.0-alpha-6.jar;D:\Maven\.m2\org\seleniumhq\selenium\selenium-firefox-xpi-driver\4.0.0-alpha-6\selenium-firefox-xpi-driver-4.0.0-alpha-6.jar;D:\Maven\.m2\org\seleniumhq\selenium\selenium-ie-driver\4.0.0-alpha-6\selenium-ie-driver-4.0.0-alpha-6.jar;D:\Maven\.m2\org\seleniumhq\selenium\selenium-opera-driver\4.0.0-alpha-6\selenium-opera-driver-4.0.0-alpha-6.jar;D:\Maven\.m2\org\seleniumhq\selenium\selenium-remote-driver\4.0.0-alpha-6\selenium-remote-driver-4.0.0-alpha-6.jar;D:\Maven\.m2\com\typesafe\netty\netty-reactive-streams\2.0.4\netty-reactive-streams-2.0.4.jar;D:\Maven\.m2\io\netty\netty-handler\4.1.43.Final\netty-handler-4.1.43.Final.jar;D:\Maven\.m2\org\reactivestreams\reactive-streams\1.0.3\reactive-streams-1.0.3.jar;D:\Maven\.m2\io\grpc\grpc-context\1.28.0\grpc-context-1.28.0.jar;D:\Maven\.m2\io\netty\netty-buffer\4.1.49.Final\netty-buffer-4.1.49.Final.jar;D:\Maven\.m2\io\netty\netty-common\4.1.49.Final\netty-common-4.1.49.Final.jar;D:\Maven\.m2\io\netty\netty-codec-http\4.1.49.Final\netty-codec-http-4.1.49.Final.jar;D:\Maven\.m2\io\netty\netty-codec\4.1.49.Final\netty-codec-4.1.49.Final.jar;D:\Maven\.m2\io\netty\netty-transport-native-epoll\4.1.49.Final\netty-transport-native-epoll-4.1.49.Final.jar;D:\Maven\.m2\io\netty\netty-transport-native-epoll\4.1.49.Final\netty-transport-native-epoll-4.1.49.Final-linux-x86_64.jar;D:\Maven\.m2\io\netty\netty-transport-native-kqueue\4.1.49.Final\netty-transport-native-kqueue-4.1.49.Final.jar;D:\Maven\.m2\io\netty\netty-transport-native-kqueue\4.1.49.Final\netty-transport-native-kqueue-4.1.49.Final-osx-x86_64.jar;D:\Maven\.m2\io\netty\netty-transport-native-unix-common\4.1.49.Final\netty-transport-native-unix-common-4.1.49.Final.jar;D:\Maven\.m2\io\netty\netty-transport\4.1.49.Final\netty-transport-4.1.49.Final.jar;D:\Maven\.m2\io\netty\netty-resolver\4.1.49.Final\netty-resolver-4.1.49.Final.jar;D:\Maven\.m2\io\opentelemetry\opentelemetry-api\0.4.0\opentelemetry-api-0.4.0.jar;D:\Maven\.m2\io\opentelemetry\opentelemetry-context-prop\0.4.0\opentelemetry-context-prop-0.4.0.jar;D:\Maven\.m2\io\opentelemetry\opentelemetry-sdk\0.4.0\opentelemetry-sdk-0.4.0.jar;D:\Maven\.m2\io\projectreactor\netty\reactor-netty\0.9.6.RELEASE\reactor-netty-0.9.6.RELEASE.jar;D:\Maven\.m2\io\netty\netty-codec-http2\4.1.48.Final\netty-codec-http2-4.1.48.Final.jar;D:\Maven\.m2\io\netty\netty-handler-proxy\4.1.48.Final\netty-handler-proxy-4.1.48.Final.jar;D:\Maven\.m2\io\projectreactor\reactor-core\3.3.5.RELEASE\reactor-core-3.3.5.RELEASE.jar;D:\Maven\.m2\org\asynchttpclient\async-http-client\2.12.1\async-http-client-2.12.1.jar;D:\Maven\.m2\org\asynchttpclient\async-http-client-netty-utils\2.12.1\async-http-client-netty-utils-2.12.1.jar;D:\Maven\.m2\io\netty\netty-codec-socks\4.1.48.Final\netty-codec-socks-4.1.48.Final.jar;D:\Maven\.m2\org\slf4j\slf4j-api\1.7.30\slf4j-api-1.7.30.jar;D:\Maven\.m2\com\sun\activation\javax.activation\1.2.0\javax.activation-1.2.0.jar;D:\Maven\.m2\org\seleniumhq\selenium\selenium-safari-driver\4.0.0-alpha-6\selenium-safari-driver-4.0.0-alpha-6.jar;D:\Maven\.m2\org\seleniumhq\selenium\selenium-support\4.0.0-alpha-6\selenium-support-4.0.0-alpha-6.jar;D:\Maven\.m2\org\seleniumhq\selenium\selenium-server\3.13.0\selenium-server-3.13.0.jar;D:\Maven\.m2\com\beust\jcommander\1.72\jcommander-1.72.jar;D:\Maven\.m2\net\bytebuddy\byte-buddy\1.8.3\byte-buddy-1.8.3.jar;D:\Maven\.m2\org\apache\commons\commons-exec\1.3\commons-exec-1.3.jar;D:\Maven\.m2\org\apache\commons\commons-lang3\3.7\commons-lang3-3.7.jar;D:\Maven\.m2\org\apache\commons\commons-text\1.1\commons-text-1.1.jar;D:\Maven\.m2\commons-codec\commons-codec\1.10\commons-codec-1.10.jar;D:\Maven\.m2\commons-io\commons-io\2.6\commons-io-2.6.jar;D:\Maven\.m2\commons-logging\commons-logging\1.2\commons-logging-1.2.jar;D:\Maven\.m2\commons-net\commons-net\3.6\commons-net-3.6.jar;D:\Maven\.m2\com\google\code\gson\gson\2.8.4\gson-2.8.4.jar;D:\Maven\.m2\com\google\guava\guava\25.0-jre\guava-25.0-jre.jar;D:\Maven\.m2\com\google\code\findbugs\jsr305\1.3.9\jsr305-1.3.9.jar;D:\Maven\.m2\org\checkerframework\checker-compat-qual\2.0.0\checker-compat-qual-2.0.0.jar;D:\Maven\.m2\com\google\errorprone\error_prone_annotations\2.1.3\error_prone_annotations-2.1.3.jar;D:\Maven\.m2\com\google\j2objc\j2objc-annotations\1.1\j2objc-annotations-1.1.jar;D:\Maven\.m2\org\codehaus\mojo\animal-sniffer-annotations\1.14\animal-sniffer-annotations-1.14.jar;D:\Maven\.m2\net\sourceforge\htmlunit\htmlunit\2.30\htmlunit-2.30.jar;D:\Maven\.m2\net\sourceforge\htmlunit\htmlunit-core-js\2.28\htmlunit-core-js-2.28.jar;D:\Maven\.m2\net\sourceforge\htmlunit\htmlunit-cssparser\1.0.0\htmlunit-cssparser-1.0.0.jar;D:\Maven\.m2\net\sourceforge\htmlunit\neko-htmlunit\2.30\neko-htmlunit-2.30.jar;D:\Maven\.m2\org\apache\httpcomponents\httpclient\4.5.5\httpclient-4.5.5.jar;D:\Maven\.m2\org\apache\httpcomponents\httpcore\4.4.9\httpcore-4.4.9.jar;D:\Maven\.m2\org\apache\httpcomponents\httpmime\4.5.5\httpmime-4.5.5.jar;D:\Maven\.m2\net\jcip\jcip-annotations\1.0\jcip-annotations-1.0.jar;D:\Maven\.m2\org\seleniumhq\selenium\jetty-repacked\9.4.7.v20171121\jetty-repacked-9.4.7.v20171121.jar;D:\Maven\.m2\org\eclipse\jetty\jetty-client\9.4.7.v20170914\jetty-client-9.4.7.v20170914.jar;D:\Maven\.m2\org\eclipse\jetty\jetty-http\9.4.8.v20171121\jetty-http-9.4.8.v20171121.jar;D:\Maven\.m2\org\eclipse\jetty\jetty-io\9.4.8.v20171121\jetty-io-9.4.8.v20171121.jar;D:\Maven\.m2\org\eclipse\jetty\jetty-util\9.4.8.v20171121\jetty-util-9.4.8.v20171121.jar;D:\Maven\.m2\org\eclipse\jetty\jetty-xml\9.4.7.v20170914\jetty-xml-9.4.7.v20170914.jar;D:\Maven\.m2\com\squareup\okhttp3\okhttp\3.10.0\okhttp-3.10.0.jar;D:\Maven\.m2\com\squareup\okio\okio\1.14.1\okio-1.14.1.jar;D:\Maven\.m2\org\seleniumhq\selenium\htmlunit-driver\2.30.0\htmlunit-driver-2.30.0.jar;D:\Maven\.m2\javax\servlet\javax.servlet-api\3.1.0\javax.servlet-api-3.1.0.jar;D:\Maven\.m2\org\eclipse\jetty\websocket\websocket-api\9.4.7.v20170914\websocket-api-9.4.7.v20170914.jar;D:\Maven\.m2\org\eclipse\jetty\websocket\websocket-client\9.4.7.v20170914\websocket-client-9.4.7.v20170914.jar;D:\Maven\.m2\org\eclipse\jetty\websocket\websocket-common\9.4.7.v20170914\websocket-common-9.4.7.v20170914.jar;D:\Maven\.m2\xalan\serializer\2.7.2\serializer-2.7.2.jar;D:\Maven\.m2\xalan\xalan\2.7.2\xalan-2.7.2.jar;D:\Maven\.m2\xerces\xercesImpl\2.11.0\xercesImpl-2.11.0.jar;D:\Maven\.m2\xml-apis\xml-apis\1.4.01\xml-apis-1.4.01.jar;D:\Maven\.m2\org\yaml\snakeyaml\1.19\snakeyaml-1.19.jar;D:\Maven\.m2\org\seleniumhq\selenium\selenium-api\4.0.0-alpha-6\selenium-api-4.0.0-alpha-6.jar;D:\Maven\.m2\net\masterthought\cucumber-reporting\4.0.0\cucumber-reporting-4.0.0.jar;D:\Maven\.m2\com\fasterxml\jackson\core\jackson-databind\2.9.6\jackson-databind-2.9.6.jar;D:\Maven\.m2\com\fasterxml\jackson\core\jackson-annotations\2.9.0\jackson-annotations-2.9.0.jar;D:\Maven\.m2\com\fasterxml\jackson\core\jackson-core\2.9.6\jackson-core-2.9.6.jar;D:\Maven\.m2\org\apache\velocity\velocity\1.7\velocity-1.7.jar;D:\Maven\.m2\commons-collections\commons-collections\3.2.1\commons-collections-3.2.1.jar;D:\Maven\.m2\commons-lang\commons-lang\2.4\commons-lang-2.4.jar;D:\Maven\.m2\velocity-tools\velocity-tools\1.4\velocity-tools-1.4.jar;D:\Maven\.m2\joda-time\joda-time\2.10\joda-time-2.10.jar;D:\Maven\.m2\net\lingala\zip4j\zip4j\1.3.2\zip4j-1.3.2.jar;D:\Maven\.m2\org\codehaus\plexus\plexus-utils\3.1.0\plexus-utils-3.1.0.jar;D:\Maven\.m2\org\jsoup\jsoup\1.11.3\jsoup-1.11.3.jar;D:\Maven\.m2\com\googlecode\owasp-java-html-sanitizer\owasp-java-html-sanitizer\20180219.1\owasp-java-html-sanitizer-20180219.1.jar;D:\Maven\.m2\commons-configuration\commons-configuration\1.10\commons-configuration-1.10.jar;"/>
    <property name="sun.cpu.endian" value="little"/>
    <property name="user.home" value="C:\Users\HYK"/>
    <property name="user.language" value="zh"/>
    <property name="java.specification.vendor" value="Oracle Corporation"/>
    <property name="java.home" value="C:\Users\HYK\.jdks\corretto-1.8.0_292\jre"/>
    <property name="basedir" value="D:\Project\farmbgy"/>
    <property name="file.separator" value="\"/>
    <property name="line.separator" value="&#10;"/>
    <property name="java.vm.specification.vendor" value="Oracle Corporation"/>
    <property name="java.specification.name" value="Java Platform API Specification"/>
    <property name="java.awt.graphicsenv" value="sun.awt.Win32GraphicsEnvironment"/>
    <property name="surefire.real.class.path" value="C:\Users\HYK\AppData\Local\Temp\surefire8507920873538043851\surefirebooter253741538720194889.jar"/>
    <property name="sun.boot.class.path" value="C:\Users\HYK\.jdks\corretto-1.8.0_292\jre\lib\resources.jar;C:\Users\HYK\.jdks\corretto-1.8.0_292\jre\lib\rt.jar;C:\Users\HYK\.jdks\corretto-1.8.0_292\jre\lib\sunrsasign.jar;C:\Users\HYK\.jdks\corretto-1.8.0_292\jre\lib\jsse.jar;C:\Users\HYK\.jdks\corretto-1.8.0_292\jre\lib\jce.jar;C:\Users\HYK\.jdks\corretto-1.8.0_292\jre\lib\charsets.jar;C:\Users\HYK\.jdks\corretto-1.8.0_292\jre\lib\jfr.jar;C:\Users\HYK\.jdks\corretto-1.8.0_292\jre\classes"/>
    <property name="user.script" value=""/>
    <property name="sun.management.compiler" value="HotSpot 64-Bit Tiered Compilers"/>
    <property name="java.runtime.version" value="1.8.0_292-b10"/>
    <property name="user.name" value="HYK"/>
    <property name="path.separator" value=";"/>
    <property name="os.version" value="10.0"/>
    <property name="java.endorsed.dirs" value="C:\Users\HYK\.jdks\corretto-1.8.0_292\jre\lib\endorsed"/>
    <property name="java.runtime.name" value="OpenJDK Runtime Environment"/>
    <property name="file.encoding" value="UTF-8"/>
    <property name="java.vm.name" value="OpenJDK 64-Bit Server VM"/>
    <property name="localRepository" value="D:\Maven\.m2"/>
    <property name="java.vendor.url.bug" value="https://github.com/corretto/corretto-8/issues/"/>
    <property name="java.io.tmpdir" value="C:\Users\HYK\AppData\Local\Temp\"/>
    <property name="idea.version" value="2020.3.3"/>
    <property name="java.version" value="1.8.0_292"/>
    <property name="user.dir" value="D:\Project\farmbgy"/>
    <property name="os.arch" value="amd64"/>
    <property name="java.vm.specification.name" value="Java Virtual Machine Specification"/>
    <property name="java.awt.printerjob" value="sun.awt.windows.WPrinterJob"/>
    <property name="sun.os.patch.level" value=""/>
    <property name="java.library.path" value="C:\Users\HYK\.jdks\corretto-1.8.0_292\jre\bin;C:\WINDOWS\Sun\Java\bin;C:\WINDOWS\system32;C:\WINDOWS;C:\Program Files (x86)\Common Files\Oracle\Java\javapath;C:\Windows\system32;C:\Windows;C:\Windows\System32\Wbem;C:\Windows\System32\WindowsPowerShell\v1.0\;C:\Windows\System32\OpenSSH\;D:\tools\java\jdk1.8\bin;D:\tools\nodejs\;D:\tools\Android\android-sdk\platform-tools;D:\tools\Android\android-sdk\tools;C:\Program Files\NVIDIA Corporation\NVIDIA NGX;D:\tools\apache-jmeter-5.3\bin;D:\tools\apache-ant-1.10.10\bin;C:\Users\HYK\AppData\Local\Google\Chrome\Application;;C:\WINDOWS\system32;C:\WINDOWS;C:\WINDOWS\System32\Wbem;C:\WINDOWS\System32\WindowsPowerShell\v1.0\;C:\WINDOWS\System32\OpenSSH\;C:\Users\HYK\AppData\Local\Microsoft\WindowsApps;C:\Users\HYK\AppData\Roaming\npm;;."/>
    <property name="java.vm.info" value="mixed mode"/>
    <property name="java.vendor" value="Amazon.com Inc."/>
    <property name="java.vm.version" value="25.292-b10"/>
    <property name="java.ext.dirs" value="C:\Users\HYK\.jdks\corretto-1.8.0_292\jre\lib\ext;C:\WINDOWS\Sun\Java\lib\ext"/>
    <property name="sun.io.unicode.encoding" value="UnicodeLittle"/>
    <property name="maven.repo.local" value="D:\Maven\.m2"/>
    <property name="java.class.version" value="52.0"/>
  </properties>
  <testcase name="Open login page" classname="Check login function" time="33.447"/>
  <testcase name="EMPTY_NAME" classname="Check login function" time="14.295"/>
  <testcase name="out login" classname="Check login function" time="0.775"/>
</testsuite>